c:\users\rb510\desktop\cs1010302w03_lab\ts0305\x64\debug\vc142.pdb
c:\users\rb510\desktop\cs1010302w03_lab\ts0305\x64\debug\vc142.idb
c:\users\rb510\desktop\cs1010302w03_lab\ts0305\x64\debug\source.obj
c:\school\schoolprogram\c++\lab\cs1010302w03_lab\ts0305\x64\debug\vc142.pdb
c:\school\schoolprogram\c++\lab\cs1010302w03_lab\ts0305\x64\debug\vc142.idb
c:\school\schoolprogram\c++\lab\cs1010302w03_lab\ts0305\x64\debug\source.obj
c:\users\rb510\desktop\cs1010302w03_lab\x64\debug\ts0305.exe
c:\users\rb510\desktop\cs1010302w03_lab\ts0305\x64\debug\ts0305.ilk
c:\users\rb510\desktop\cs1010302w03_lab\x64\debug\ts0305.pdb
c:\school\schoolprogram\c++\lab\cs1010302w03_lab\x64\debug\ts0305.pdb
c:\school\schoolprogram\c++\lab\cs1010302w03_lab\ts0305\x64\debug\ts0305.tlog\cl.command.1.tlog
c:\school\schoolprogram\c++\lab\cs1010302w03_lab\ts0305\x64\debug\ts0305.tlog\cl.read.1.tlog
c:\school\schoolprogram\c++\lab\cs1010302w03_lab\ts0305\x64\debug\ts0305.tlog\cl.write.1.tlog
c:\school\schoolprogram\c++\lab\cs1010302w03_lab\ts0305\x64\debug\ts0305.tlog\link-cvtres.read.1.tlog
c:\school\schoolprogram\c++\lab\cs1010302w03_lab\ts0305\x64\debug\ts0305.tlog\link-cvtres.write.1.tlog
c:\school\schoolprogram\c++\lab\cs1010302w03_lab\ts0305\x64\debug\ts0305.tlog\link-rc.read.1.tlog
c:\school\schoolprogram\c++\lab\cs1010302w03_lab\ts0305\x64\debug\ts0305.tlog\link-rc.write.1.tlog
c:\school\schoolprogram\c++\lab\cs1010302w03_lab\ts0305\x64\debug\ts0305.tlog\link.command.1.tlog
c:\school\schoolprogram\c++\lab\cs1010302w03_lab\ts0305\x64\debug\ts0305.tlog\link.read.1.tlog
c:\school\schoolprogram\c++\lab\cs1010302w03_lab\ts0305\x64\debug\ts0305.tlog\link.write.1.tlog
